# JRE version: OpenJDK Runtime Environment Microsoft-40648 (11.0.16.1+1) (build 11.0.16.1+1-LTS)
# Java VM: OpenJDK 64-Bit Server VM Microsoft-40648 (11.0.16.1+1-LTS, mixed mode, tiered, compressed oops, g1 gc, windows-amd64)
Heap:
 garbage-first heap   total 411648K, used 116181K [0x00000000c0000000, 0x0000000100000000)
  region size 1024K, 10 young (10240K), 10 survivors (10240K)
 Metaspace       used 16821K, capacity 17154K, committed 17280K, reserved 1064960K
  class space    used 1714K, capacity 1868K, committed 1920K, reserved 1048576K
GC Heap History (20 events):
Event: 1.712 GC heap after
{Heap after GC invocations=3 (full 0):
 garbage-first heap   total 98304K, used 17394K [0x00000000c0000000, 0x0000000100000000)
  region size 1024K, 4 young (4096K), 4 survivors (4096K)
 Metaspace       used 11682K, capacity 11867K, committed 11904K, reserved 1060864K
  class space    used 1104K, capacity 1146K, committed 1152K, reserved 1048576K
}
Event: 1.864 GC heap before
{Heap before GC invocations=3 (full 0):
 garbage-first heap   total 98304K, used 50162K [0x00000000c0000000, 0x0000000100000000)
  region size 1024K, 36 young (36864K), 4 survivors (4096K)
 Metaspace       used 11687K, capacity 11867K, committed 11904K, reserved 1060864K
  class space    used 1104K, capacity 1146K, committed 1152K, reserved 1048576K
}
Event: 1.873 GC heap after
{Heap after GC invocations=4 (full 0):
 garbage-first heap   total 98304K, used 24254K [0x00000000c0000000, 0x0000000100000000)
  region size 1024K, 5 young (5120K), 5 survivors (5120K)
 Metaspace       used 11687K, capacity 11867K, committed 11904K, reserved 1060864K
  class space    used 1104K, capacity 1146K, committed 1152K, reserved 1048576K
}
Event: 2.304 GC heap before
{Heap before GC invocations=4 (full 0):
 garbage-first heap   total 98304K, used 58046K [0x00000000c0000000, 0x0000000100000000)
  region size 1024K, 38 young (38912K), 5 survivors (5120K)
 Metaspace       used 13264K, capacity 13496K, committed 13696K, reserved 1060864K
  class space    used 1295K, capacity 1383K, committed 1408K, reserved 1048576K
}
Event: 2.329 GC heap after
{Heap after GC invocations=5 (full 0):
 garbage-first heap   total 118784K, used 31706K [0x00000000c0000000, 0x0000000100000000)
  region size 1024K, 5 young (5120K), 5 survivors (5120K)
 Metaspace       used 13264K, capacity 13496K, committed 13696K, reserved 1060864K
  class space    used 1295K, capacity 1383K, committed 1408K, reserved 1048576K
}
Event: 2.555 GC heap before
{Heap before GC invocations=5 (full 0):
 garbage-first heap   total 118784K, used 68570K [0x00000000c0000000, 0x0000000100000000)
  region size 1024K, 42 young (43008K), 5 survivors (5120K)
 Metaspace       used 13469K, capacity 13711K, committed 13824K, reserved 1060864K
  class space    used 1322K, capacity 1435K, committed 1536K, reserved 1048576K
}
Event: 2.609 GC heap after
{Heap after GC invocations=6 (full 0):
 garbage-first heap   total 118784K, used 43008K [0x00000000c0000000, 0x0000000100000000)
  region size 1024K, 6 young (6144K), 6 survivors (6144K)
 Metaspace       used 13469K, capacity 13711K, committed 13824K, reserved 1060864K
  class space    used 1322K, capacity 1435K, committed 1536K, reserved 1048576K
}
Event: 2.828 GC heap before
{Heap before GC invocations=6 (full 0):
 garbage-first heap   total 118784K, used 77824K [0x00000000c0000000, 0x0000000100000000)
  region size 1024K, 40 young (40960K), 6 survivors (6144K)
 Metaspace       used 13546K, capacity 13776K, committed 14080K, reserved 1062912K
  class space    used 1322K, capacity 1435K, committed 1536K, reserved 1048576K
}
Event: 2.904 GC heap after
{Heap after GC invocations=7 (full 0):
 garbage-first heap   total 118784K, used 52224K [0x00000000c0000000, 0x0000000100000000)
  region size 1024K, 5 young (5120K), 5 survivors (5120K)
 Metaspace       used 13546K, capacity 13776K, committed 14080K, reserved 1062912K
  class space    used 1322K, capacity 1435K, committed 1536K, reserved 1048576K
}
Event: 3.008 GC heap before
{Heap before GC invocations=7 (full 0):
 garbage-first heap   total 118784K, used 83968K [0x00000000c0000000, 0x0000000100000000)
  region size 1024K, 36 young (36864K), 5 survivors (5120K)
 Metaspace       used 13626K, capacity 13845K, committed 14080K, reserved 1062912K
  class space    used 1322K, capacity 1435K, committed 1536K, reserved 1048576K
}
Event: 3.070 GC heap after
{Heap after GC invocations=8 (full 0):
 garbage-first heap   total 118784K, used 59904K [0x00000000c0000000, 0x0000000100000000)
  region size 1024K, 5 young (5120K), 5 survivors (5120K)
 Metaspace       used 13626K, capacity 13845K, committed 14080K, reserved 1062912K
  class space    used 1322K, capacity 1435K, committed 1536K, reserved 1048576K
}
Event: 3.420 GC heap before
{Heap before GC invocations=8 (full 0):
 garbage-first heap   total 118784K, used 87552K [0x00000000c0000000, 0x0000000100000000)
  region size 1024K, 32 young (32768K), 5 survivors (5120K)
 Metaspace       used 15099K, capacity 15377K, committed 15488K, reserved 1062912K
  class space    used 1533K, capacity 1648K, committed 1664K, reserved 1048576K
}
Event: 3.469 GC heap after
{Heap after GC invocations=9 (full 0):
 garbage-first heap   total 251904K, used 65536K [0x00000000c0000000, 0x0000000100000000)
  region size 1024K, 4 young (4096K), 4 survivors (4096K)
 Metaspace       used 15099K, capacity 15377K, committed 15488K, reserved 1062912K
  class space    used 1533K, capacity 1648K, committed 1664K, reserved 1048576K
}
Event: 3.676 GC heap before
{Heap before GC invocations=10 (full 0):
 garbage-first heap   total 251904K, used 115712K [0x00000000c0000000, 0x0000000100000000)
  region size 1024K, 53 young (54272K), 4 survivors (4096K)
 Metaspace       used 15093K, capacity 15332K, committed 15616K, reserved 1062912K
  class space    used 1507K, capacity 1620K, committed 1792K, reserved 1048576K
}
Event: 3.705 GC heap after
{Heap after GC invocations=11 (full 0):
 garbage-first heap   total 251904K, used 75727K [0x00000000c0000000, 0x0000000100000000)
  region size 1024K, 7 young (7168K), 7 survivors (7168K)
 Metaspace       used 15093K, capacity 15332K, committed 15616K, reserved 1062912K
  class space    used 1507K, capacity 1620K, committed 1792K, reserved 1048576K
}
Event: 3.834 GC heap before
{Heap before GC invocations=11 (full 0):
 garbage-first heap   total 251904K, used 142287K [0x00000000c0000000, 0x0000000100000000)
  region size 1024K, 73 young (74752K), 7 survivors (7168K)
 Metaspace       used 15093K, capacity 15332K, committed 15616K, reserved 1062912K
  class space    used 1507K, capacity 1620K, committed 1792K, reserved 1048576K
}
Event: 3.872 GC heap after
{Heap after GC invocations=12 (full 0):
 garbage-first heap   total 251904K, used 89086K [0x00000000c0000000, 0x0000000100000000)
  region size 1024K, 10 young (10240K), 10 survivors (10240K)
 Metaspace       used 15093K, capacity 15332K, committed 15616K, reserved 1062912K
  class space    used 1507K, capacity 1620K, committed 1792K, reserved 1048576K
}
Event: 4.392 GC heap before
{Heap before GC invocations=12 (full 0):
 garbage-first heap   total 251904K, used 160766K [0x00000000c0000000, 0x0000000100000000)
  region size 1024K, 80 young (81920K), 10 survivors (10240K)
 Metaspace       used 16817K, capacity 17090K, committed 17280K, reserved 1064960K
  class space    used 1714K, capacity 1868K, committed 1920K, reserved 1048576K
}
Event: 4.434 GC heap after
{Heap after GC invocations=13 (full 0):
 garbage-first heap   total 251904K, used 102400K [0x00000000c0000000, 0x0000000100000000)
  region size 1024K, 10 young (10240K), 10 survivors (10240K)
 Metaspace       used 16817K, capacity 17090K, committed 17280K, reserved 1064960K
  class space    used 1714K, capacity 1868K, committed 1920K, reserved 1048576K
}
Event: 4.648 GC heap before
{Heap before GC invocations=13 (full 0):
 garbage-first heap   total 251904K, used 173056K [0x00000000c0000000, 0x0000000100000000)
  region size 1024K, 79 young (80896K), 10 survivors (10240K)
 Metaspace       used 16821K, capacity 17154K, committed 17280K, reserved 1064960K
  class space    used 1714K, capacity 1868K, committed 1920K, reserved 1048576K
}

