# JRE version: OpenJDK Runtime Environment Microsoft-40648 (11.0.16.1+1) (build 11.0.16.1+1-LTS)
# Java VM: OpenJDK 64-Bit Server VM Microsoft-40648 (11.0.16.1+1-LTS, mixed mode, tiered, compressed oops, g1 gc, windows-amd64)
Heap:
 garbage-first heap   total 453632K, used 105907K [0x00000000c0000000, 0x0000000100000000)
  region size 1024K, 9 young (9216K), 9 survivors (9216K)
 Metaspace       used 16954K, capacity 17298K, committed 17664K, reserved 1064960K
  class space    used 1744K, capacity 1925K, committed 2048K, reserved 1048576K
GC Heap History (20 events):
Event: 1.395 GC heap after
{Heap after GC invocations=3 (full 0):
 garbage-first heap   total 98304K, used 17743K [0x00000000c0000000, 0x0000000100000000)
  region size 1024K, 4 young (4096K), 4 survivors (4096K)
 Metaspace       used 11687K, capacity 11867K, committed 11904K, reserved 1060864K
  class space    used 1104K, capacity 1146K, committed 1152K, reserved 1048576K
}
Event: 1.547 GC heap before
{Heap before GC invocations=3 (full 0):
 garbage-first heap   total 98304K, used 50511K [0x00000000c0000000, 0x0000000100000000)
  region size 1024K, 36 young (36864K), 4 survivors (4096K)
 Metaspace       used 11691K, capacity 11867K, committed 11904K, reserved 1060864K
  class space    used 1104K, capacity 1146K, committed 1152K, reserved 1048576K
}
Event: 1.556 GC heap after
{Heap after GC invocations=4 (full 0):
 garbage-first heap   total 98304K, used 24930K [0x00000000c0000000, 0x0000000100000000)
  region size 1024K, 5 young (5120K), 5 survivors (5120K)
 Metaspace       used 11691K, capacity 11867K, committed 11904K, reserved 1060864K
  class space    used 1104K, capacity 1146K, committed 1152K, reserved 1048576K
}
Event: 1.944 GC heap before
{Heap before GC invocations=4 (full 0):
 garbage-first heap   total 98304K, used 57698K [0x00000000c0000000, 0x0000000100000000)
  region size 1024K, 38 young (38912K), 5 survivors (5120K)
 Metaspace       used 13271K, capacity 13433K, committed 13696K, reserved 1060864K
  class space    used 1295K, capacity 1383K, committed 1408K, reserved 1048576K
}
Event: 1.969 GC heap after
{Heap after GC invocations=5 (full 0):
 garbage-first heap   total 118784K, used 32768K [0x00000000c0000000, 0x0000000100000000)
  region size 1024K, 5 young (5120K), 5 survivors (5120K)
 Metaspace       used 13271K, capacity 13433K, committed 13696K, reserved 1060864K
  class space    used 1295K, capacity 1383K, committed 1408K, reserved 1048576K
}
Event: 2.151 GC heap before
{Heap before GC invocations=5 (full 0):
 garbage-first heap   total 118784K, used 69632K [0x00000000c0000000, 0x0000000100000000)
  region size 1024K, 42 young (43008K), 5 survivors (5120K)
 Metaspace       used 13435K, capacity 13705K, committed 13824K, reserved 1060864K
  class space    used 1320K, capacity 1433K, committed 1536K, reserved 1048576K
}
Event: 2.214 GC heap after
{Heap after GC invocations=6 (full 0):
 garbage-first heap   total 118784K, used 43520K [0x00000000c0000000, 0x0000000100000000)
  region size 1024K, 6 young (6144K), 6 survivors (6144K)
 Metaspace       used 13435K, capacity 13705K, committed 13824K, reserved 1060864K
  class space    used 1320K, capacity 1433K, committed 1536K, reserved 1048576K
}
Event: 2.279 GC heap before
{Heap before GC invocations=6 (full 0):
 garbage-first heap   total 118784K, used 53760K [0x00000000c0000000, 0x0000000100000000)
  region size 1024K, 16 young (16384K), 6 survivors (6144K)
 Metaspace       used 13459K, capacity 13706K, committed 13824K, reserved 1060864K
  class space    used 1320K, capacity 1433K, committed 1536K, reserved 1048576K
}
Event: 2.308 GC heap after
{Heap after GC invocations=7 (full 0):
 garbage-first heap   total 118784K, used 46592K [0x00000000c0000000, 0x0000000100000000)
  region size 1024K, 2 young (2048K), 2 survivors (2048K)
 Metaspace       used 13459K, capacity 13706K, committed 13824K, reserved 1060864K
  class space    used 1320K, capacity 1433K, committed 1536K, reserved 1048576K
}
Event: 2.405 GC heap before
{Heap before GC invocations=7 (full 0):
 garbage-first heap   total 118784K, used 73216K [0x00000000c0000000, 0x0000000100000000)
  region size 1024K, 29 young (29696K), 2 survivors (2048K)
 Metaspace       used 13561K, capacity 13774K, committed 14080K, reserved 1062912K
  class space    used 1321K, capacity 1433K, committed 1536K, reserved 1048576K
}
Event: 2.443 GC heap after
{Heap after GC invocations=8 (full 0):
 garbage-first heap   total 118784K, used 54272K [0x00000000c0000000, 0x0000000100000000)
  region size 1024K, 4 young (4096K), 4 survivors (4096K)
 Metaspace       used 13561K, capacity 13774K, committed 14080K, reserved 1062912K
  class space    used 1321K, capacity 1433K, committed 1536K, reserved 1048576K
}
Event: 2.505 GC heap before
{Heap before GC invocations=8 (full 0):
 garbage-first heap   total 118784K, used 79872K [0x00000000c0000000, 0x0000000100000000)
  region size 1024K, 29 young (29696K), 4 survivors (4096K)
 Metaspace       used 13607K, capacity 13844K, committed 14080K, reserved 1062912K
  class space    used 1321K, capacity 1433K, committed 1536K, reserved 1048576K
}
Event: 2.561 GC heap after
{Heap after GC invocations=9 (full 0):
 garbage-first heap   total 237568K, used 60416K [0x00000000c0000000, 0x0000000100000000)
  region size 1024K, 4 young (4096K), 4 survivors (4096K)
 Metaspace       used 13607K, capacity 13844K, committed 14080K, reserved 1062912K
  class space    used 1321K, capacity 1433K, committed 1536K, reserved 1048576K
}
Event: 2.991 GC heap before
{Heap before GC invocations=9 (full 0):
 garbage-first heap   total 237568K, used 106496K [0x00000000c0000000, 0x0000000100000000)
  region size 1024K, 49 young (50176K), 4 survivors (4096K)
 Metaspace       used 15164K, capacity 15471K, committed 15616K, reserved 1062912K
  class space    used 1538K, capacity 1676K, committed 1792K, reserved 1048576K
}
Event: 3.018 GC heap after
{Heap after GC invocations=10 (full 0):
 garbage-first heap   total 237568K, used 69310K [0x00000000c0000000, 0x0000000100000000)
  region size 1024K, 7 young (7168K), 7 survivors (7168K)
 Metaspace       used 15164K, capacity 15471K, committed 15616K, reserved 1062912K
  class space    used 1538K, capacity 1676K, committed 1792K, reserved 1048576K
}
Event: 3.114 GC heap before
{Heap before GC invocations=10 (full 0):
 garbage-first heap   total 237568K, used 129726K [0x00000000c0000000, 0x0000000100000000)
  region size 1024K, 66 young (67584K), 7 survivors (7168K)
 Metaspace       used 15188K, capacity 15473K, committed 15616K, reserved 1062912K
  class space    used 1538K, capacity 1676K, committed 1792K, reserved 1048576K
}
Event: 3.145 GC heap after
{Heap after GC invocations=11 (full 0):
 garbage-first heap   total 237568K, used 81089K [0x00000000c0000000, 0x0000000100000000)
  region size 1024K, 9 young (9216K), 9 survivors (9216K)
 Metaspace       used 15188K, capacity 15473K, committed 15616K, reserved 1062912K
  class space    used 1538K, capacity 1676K, committed 1792K, reserved 1048576K
}
Event: 3.220 GC heap before
{Heap before GC invocations=11 (full 0):
 garbage-first heap   total 237568K, used 145601K [0x00000000c0000000, 0x0000000100000000)
  region size 1024K, 72 young (73728K), 9 survivors (9216K)
 Metaspace       used 15190K, capacity 15473K, committed 15616K, reserved 1062912K
  class space    used 1538K, capacity 1676K, committed 1792K, reserved 1048576K
}
Event: 3.291 GC heap after
{Heap after GC invocations=12 (full 0):
 garbage-first heap   total 237568K, used 93838K [0x00000000c0000000, 0x0000000100000000)
  region size 1024K, 9 young (9216K), 9 survivors (9216K)
 Metaspace       used 15190K, capacity 15473K, committed 15616K, reserved 1062912K
  class space    used 1538K, capacity 1676K, committed 1792K, reserved 1048576K
}
Event: 6.339 GC heap before
{Heap before GC invocations=12 (full 0):
 garbage-first heap   total 237568K, used 158350K [0x00000000c0000000, 0x0000000100000000)
  region size 1024K, 72 young (73728K), 9 survivors (9216K)
 Metaspace       used 16954K, capacity 17298K, committed 17664K, reserved 1064960K
  class space    used 1744K, capacity 1925K, committed 2048K, reserved 1048576K
}

