# JRE version: OpenJDK Runtime Environment Microsoft-40648 (11.0.16.1+1) (build 11.0.16.1+1-LTS)
# Java VM: OpenJDK 64-Bit Server VM Microsoft-40648 (11.0.16.1+1-LTS, mixed mode, tiered, compressed oops, g1 gc, windows-amd64)
Heap:
 garbage-first heap   total 417792K, used 66739K [0x00000000a0c00000, 0x0000000100000000)
  region size 1024K, 8 young (8192K), 8 survivors (8192K)
 Metaspace       used 13836K, capacity 14053K, committed 14336K, reserved 1062912K
  class space    used 1105K, capacity 1167K, committed 1280K, reserved 1048576K
GC Heap History (20 events):
Event: 2.725 GC heap after
{Heap after GC invocations=9 (full 0):
 garbage-first heap   total 118784K, used 37345K [0x00000000a0c00000, 0x0000000100000000)
  region size 1024K, 5 young (5120K), 5 survivors (5120K)
 Metaspace       used 13635K, capacity 13797K, committed 14080K, reserved 1062912K
  class space    used 1104K, capacity 1167K, committed 1280K, reserved 1048576K
}
Event: 2.782 GC heap before
{Heap before GC invocations=9 (full 0):
 garbage-first heap   total 118784K, used 76257K [0x00000000a0c00000, 0x0000000100000000)
  region size 1024K, 40 young (40960K), 5 survivors (5120K)
 Metaspace       used 13635K, capacity 13797K, committed 14080K, reserved 1062912K
  class space    used 1104K, capacity 1167K, committed 1280K, reserved 1048576K
}
Event: 2.789 GC heap after
{Heap after GC invocations=10 (full 0):
 garbage-first heap   total 118784K, used 43721K [0x00000000a0c00000, 0x0000000100000000)
  region size 1024K, 5 young (5120K), 5 survivors (5120K)
 Metaspace       used 13635K, capacity 13797K, committed 14080K, reserved 1062912K
  class space    used 1104K, capacity 1167K, committed 1280K, reserved 1048576K
}
Event: 2.837 GC heap before
{Heap before GC invocations=10 (full 0):
 garbage-first heap   total 118784K, used 79561K [0x00000000a0c00000, 0x0000000100000000)
  region size 1024K, 39 young (39936K), 5 survivors (5120K)
 Metaspace       used 13651K, capacity 13861K, committed 14080K, reserved 1062912K
  class space    used 1104K, capacity 1167K, committed 1280K, reserved 1048576K
}
Event: 2.844 GC heap after
{Heap after GC invocations=11 (full 0):
 garbage-first heap   total 143360K, used 46915K [0x00000000a0c00000, 0x0000000100000000)
  region size 1024K, 5 young (5120K), 5 survivors (5120K)
 Metaspace       used 13651K, capacity 13861K, committed 14080K, reserved 1062912K
  class space    used 1104K, capacity 1167K, committed 1280K, reserved 1048576K
}
Event: 2.924 GC heap before
{Heap before GC invocations=11 (full 0):
 garbage-first heap   total 143360K, used 90947K [0x00000000a0c00000, 0x0000000100000000)
  region size 1024K, 46 young (47104K), 5 survivors (5120K)
 Metaspace       used 13668K, capacity 13861K, committed 14080K, reserved 1062912K
  class space    used 1104K, capacity 1167K, committed 1280K, reserved 1048576K
}
Event: 2.930 GC heap after
{Heap after GC invocations=12 (full 0):
 garbage-first heap   total 143360K, used 51637K [0x00000000a0c00000, 0x0000000100000000)
  region size 1024K, 6 young (6144K), 6 survivors (6144K)
 Metaspace       used 13668K, capacity 13861K, committed 14080K, reserved 1062912K
  class space    used 1104K, capacity 1167K, committed 1280K, reserved 1048576K
}
Event: 2.985 GC heap before
{Heap before GC invocations=12 (full 0):
 garbage-first heap   total 143360K, used 97717K [0x00000000a0c00000, 0x0000000100000000)
  region size 1024K, 48 young (49152K), 6 survivors (6144K)
 Metaspace       used 13694K, capacity 13925K, committed 14080K, reserved 1062912K
  class space    used 1104K, capacity 1167K, committed 1280K, reserved 1048576K
}
Event: 2.991 GC heap after
{Heap after GC invocations=13 (full 0):
 garbage-first heap   total 143360K, used 53087K [0x00000000a0c00000, 0x0000000100000000)
  region size 1024K, 6 young (6144K), 6 survivors (6144K)
 Metaspace       used 13694K, capacity 13925K, committed 14080K, reserved 1062912K
  class space    used 1104K, capacity 1167K, committed 1280K, reserved 1048576K
}
Event: 3.091 GC heap before
{Heap before GC invocations=13 (full 0):
 garbage-first heap   total 143360K, used 99167K [0x00000000a0c00000, 0x0000000100000000)
  region size 1024K, 50 young (51200K), 6 survivors (6144K)
 Metaspace       used 13764K, capacity 13989K, committed 14336K, reserved 1062912K
  class space    used 1105K, capacity 1167K, committed 1280K, reserved 1048576K
}
Event: 3.100 GC heap after
{Heap after GC invocations=14 (full 0):
 garbage-first heap   total 143360K, used 54501K [0x00000000a0c00000, 0x0000000100000000)
  region size 1024K, 6 young (6144K), 6 survivors (6144K)
 Metaspace       used 13764K, capacity 13989K, committed 14336K, reserved 1062912K
  class space    used 1105K, capacity 1167K, committed 1280K, reserved 1048576K
}
Event: 3.132 GC heap before
{Heap before GC invocations=14 (full 0):
 garbage-first heap   total 143360K, used 101605K [0x00000000a0c00000, 0x0000000100000000)
  region size 1024K, 50 young (51200K), 6 survivors (6144K)
 Metaspace       used 13780K, capacity 13989K, committed 14336K, reserved 1062912K
  class space    used 1105K, capacity 1167K, committed 1280K, reserved 1048576K
}
Event: 3.141 GC heap after
{Heap after GC invocations=15 (full 0):
 garbage-first heap   total 240640K, used 55123K [0x00000000a0c00000, 0x0000000100000000)
  region size 1024K, 4 young (4096K), 4 survivors (4096K)
 Metaspace       used 13780K, capacity 13989K, committed 14336K, reserved 1062912K
  class space    used 1105K, capacity 1167K, committed 1280K, reserved 1048576K
}
Event: 3.334 GC heap before
{Heap before GC invocations=15 (full 0):
 garbage-first heap   total 240640K, used 161619K [0x00000000a0c00000, 0x0000000100000000)
  region size 1024K, 100 young (102400K), 4 survivors (4096K)
 Metaspace       used 13822K, capacity 14053K, committed 14336K, reserved 1062912K
  class space    used 1105K, capacity 1167K, committed 1280K, reserved 1048576K
}
Event: 3.341 GC heap after
{Heap after GC invocations=16 (full 0):
 garbage-first heap   total 240640K, used 62242K [0x00000000a0c00000, 0x0000000100000000)
  region size 1024K, 11 young (11264K), 11 survivors (11264K)
 Metaspace       used 13822K, capacity 14053K, committed 14336K, reserved 1062912K
  class space    used 1105K, capacity 1167K, committed 1280K, reserved 1048576K
}
Event: 3.493 GC heap before
{Heap before GC invocations=16 (full 0):
 garbage-first heap   total 240640K, used 169762K [0x00000000a0c00000, 0x0000000100000000)
  region size 1024K, 116 young (118784K), 11 survivors (11264K)
 Metaspace       used 13830K, capacity 14053K, committed 14336K, reserved 1062912K
  class space    used 1105K, capacity 1167K, committed 1280K, reserved 1048576K
}
Event: 3.501 GC heap after
{Heap after GC invocations=17 (full 0):
 garbage-first heap   total 240640K, used 65226K [0x00000000a0c00000, 0x0000000100000000)
  region size 1024K, 6 young (6144K), 6 survivors (6144K)
 Metaspace       used 13830K, capacity 14053K, committed 14336K, reserved 1062912K
  class space    used 1105K, capacity 1167K, committed 1280K, reserved 1048576K
}
Event: 3.722 GC heap before
{Heap before GC invocations=17 (full 0):
 garbage-first heap   total 240640K, used 176842K [0x00000000a0c00000, 0x0000000100000000)
  region size 1024K, 115 young (117760K), 6 survivors (6144K)
 Metaspace       used 13833K, capacity 14053K, committed 14336K, reserved 1062912K
  class space    used 1105K, capacity 1167K, committed 1280K, reserved 1048576K
}
Event: 3.725 GC heap after
{Heap after GC invocations=18 (full 0):
 garbage-first heap   total 240640K, used 66154K [0x00000000a0c00000, 0x0000000100000000)
  region size 1024K, 7 young (7168K), 7 survivors (7168K)
 Metaspace       used 13833K, capacity 14053K, committed 14336K, reserved 1062912K
  class space    used 1105K, capacity 1167K, committed 1280K, reserved 1048576K
}
Event: 9.251 GC heap before
{Heap before GC invocations=18 (full 0):
 garbage-first heap   total 240640K, used 186986K [0x00000000a0c00000, 0x0000000100000000)
  region size 1024K, 125 young (128000K), 7 survivors (7168K)
 Metaspace       used 13836K, capacity 14053K, committed 14336K, reserved 1062912K
  class space    used 1105K, capacity 1167K, committed 1280K, reserved 1048576K
}

