# JRE version: OpenJDK Runtime Environment Microsoft-40648 (11.0.16.1+1) (build 11.0.16.1+1-LTS)
# Java VM: OpenJDK 64-Bit Server VM Microsoft-40648 (11.0.16.1+1-LTS, mixed mode, tiered, compressed oops, g1 gc, windows-amd64)
Heap:
 garbage-first heap   total 404480K, used 107520K [0x00000000c0000000, 0x0000000100000000)
  region size 1024K, 10 young (10240K), 10 survivors (10240K)
 Metaspace       used 16836K, capacity 17224K, committed 17408K, reserved 1064960K
  class space    used 1745K, capacity 1926K, committed 2048K, reserved 1048576K
GC Heap History (20 events):
Event: 1.183 GC heap after
{Heap after GC invocations=3 (full 0):
 garbage-first heap   total 98304K, used 13839K [0x00000000c0000000, 0x0000000100000000)
  region size 1024K, 2 young (2048K), 2 survivors (2048K)
 Metaspace       used 11695K, capacity 11867K, committed 11904K, reserved 1060864K
  class space    used 1103K, capacity 1146K, committed 1152K, reserved 1048576K
}
Event: 1.265 GC heap before
{Heap before GC invocations=3 (full 0):
 garbage-first heap   total 98304K, used 35343K [0x00000000c0000000, 0x0000000100000000)
  region size 1024K, 23 young (23552K), 2 survivors (2048K)
 Metaspace       used 11696K, capacity 11867K, committed 11904K, reserved 1060864K
  class space    used 1103K, capacity 1146K, committed 1152K, reserved 1048576K
}
Event: 1.269 GC heap after
{Heap after GC invocations=4 (full 0):
 garbage-first heap   total 98304K, used 17961K [0x00000000c0000000, 0x0000000100000000)
  region size 1024K, 3 young (3072K), 3 survivors (3072K)
 Metaspace       used 11696K, capacity 11867K, committed 11904K, reserved 1060864K
  class space    used 1103K, capacity 1146K, committed 1152K, reserved 1048576K
}
Event: 1.372 GC heap before
{Heap before GC invocations=4 (full 0):
 garbage-first heap   total 98304K, used 48681K [0x00000000c0000000, 0x0000000100000000)
  region size 1024K, 33 young (33792K), 3 survivors (3072K)
 Metaspace       used 11700K, capacity 11867K, committed 11904K, reserved 1060864K
  class space    used 1103K, capacity 1146K, committed 1152K, reserved 1048576K
}
Event: 1.380 GC heap after
{Heap after GC invocations=5 (full 0):
 garbage-first heap   total 118784K, used 24576K [0x00000000c0000000, 0x0000000100000000)
  region size 1024K, 5 young (5120K), 5 survivors (5120K)
 Metaspace       used 11700K, capacity 11867K, committed 11904K, reserved 1060864K
  class space    used 1103K, capacity 1146K, committed 1152K, reserved 1048576K
}
Event: 1.764 GC heap before
{Heap before GC invocations=5 (full 0):
 garbage-first heap   total 118784K, used 61440K [0x00000000c0000000, 0x0000000100000000)
  region size 1024K, 41 young (41984K), 5 survivors (5120K)
 Metaspace       used 13272K, capacity 13435K, committed 13696K, reserved 1060864K
  class space    used 1295K, capacity 1384K, committed 1408K, reserved 1048576K
}
Event: 1.782 GC heap after
{Heap after GC invocations=6 (full 0):
 garbage-first heap   total 118784K, used 33528K [0x00000000c0000000, 0x0000000100000000)
  region size 1024K, 6 young (6144K), 6 survivors (6144K)
 Metaspace       used 13272K, capacity 13435K, committed 13696K, reserved 1060864K
  class space    used 1295K, capacity 1384K, committed 1408K, reserved 1048576K
}
Event: 1.939 GC heap before
{Heap before GC invocations=6 (full 0):
 garbage-first heap   total 118784K, used 70392K [0x00000000c0000000, 0x0000000100000000)
  region size 1024K, 42 young (43008K), 6 survivors (6144K)
 Metaspace       used 13446K, capacity 13706K, committed 13824K, reserved 1060864K
  class space    used 1321K, capacity 1434K, committed 1536K, reserved 1048576K
}
Event: 1.981 GC heap after
{Heap after GC invocations=7 (full 0):
 garbage-first heap   total 118784K, used 44032K [0x00000000c0000000, 0x0000000100000000)
  region size 1024K, 6 young (6144K), 6 survivors (6144K)
 Metaspace       used 13446K, capacity 13706K, committed 13824K, reserved 1060864K
  class space    used 1321K, capacity 1434K, committed 1536K, reserved 1048576K
}
Event: 2.109 GC heap before
{Heap before GC invocations=7 (full 0):
 garbage-first heap   total 118784K, used 75776K [0x00000000c0000000, 0x0000000100000000)
  region size 1024K, 38 young (38912K), 6 survivors (6144K)
 Metaspace       used 13460K, capacity 13707K, committed 13824K, reserved 1060864K
  class space    used 1321K, capacity 1434K, committed 1536K, reserved 1048576K
}
Event: 2.159 GC heap after
{Heap after GC invocations=8 (full 0):
 garbage-first heap   total 118784K, used 52224K [0x00000000c0000000, 0x0000000100000000)
  region size 1024K, 5 young (5120K), 5 survivors (5120K)
 Metaspace       used 13460K, capacity 13707K, committed 13824K, reserved 1060864K
  class space    used 1321K, capacity 1434K, committed 1536K, reserved 1048576K
}
Event: 2.243 GC heap before
{Heap before GC invocations=8 (full 0):
 garbage-first heap   total 118784K, used 81920K [0x00000000c0000000, 0x0000000100000000)
  region size 1024K, 35 young (35840K), 5 survivors (5120K)
 Metaspace       used 13494K, capacity 13771K, committed 14080K, reserved 1062912K
  class space    used 1321K, capacity 1434K, committed 1536K, reserved 1048576K
}
Event: 2.286 GC heap after
{Heap after GC invocations=9 (full 0):
 garbage-first heap   total 237568K, used 59904K [0x00000000c0000000, 0x0000000100000000)
  region size 1024K, 5 young (5120K), 5 survivors (5120K)
 Metaspace       used 13494K, capacity 13771K, committed 14080K, reserved 1062912K
  class space    used 1321K, capacity 1434K, committed 1536K, reserved 1048576K
}
Event: 2.606 GC heap before
{Heap before GC invocations=9 (full 0):
 garbage-first heap   total 237568K, used 102912K [0x00000000c0000000, 0x0000000100000000)
  region size 1024K, 47 young (48128K), 5 survivors (5120K)
 Metaspace       used 14982K, capacity 15259K, committed 15616K, reserved 1062912K
  class space    used 1537K, capacity 1676K, committed 1792K, reserved 1048576K
}
Event: 2.632 GC heap after
{Heap after GC invocations=10 (full 0):
 garbage-first heap   total 237568K, used 68151K [0x00000000c0000000, 0x0000000100000000)
  region size 1024K, 6 young (6144K), 6 survivors (6144K)
 Metaspace       used 14982K, capacity 15259K, committed 15616K, reserved 1062912K
  class space    used 1537K, capacity 1676K, committed 1792K, reserved 1048576K
}
Event: 2.744 GC heap before
{Heap before GC invocations=10 (full 0):
 garbage-first heap   total 237568K, used 130615K [0x00000000c0000000, 0x0000000100000000)
  region size 1024K, 68 young (69632K), 6 survivors (6144K)
 Metaspace       used 15042K, capacity 15325K, committed 15616K, reserved 1062912K
  class space    used 1537K, capacity 1676K, committed 1792K, reserved 1048576K
}
Event: 2.771 GC heap after
{Heap after GC invocations=11 (full 0):
 garbage-first heap   total 237568K, used 80392K [0x00000000c0000000, 0x0000000100000000)
  region size 1024K, 9 young (9216K), 9 survivors (9216K)
 Metaspace       used 15042K, capacity 15325K, committed 15616K, reserved 1062912K
  class space    used 1537K, capacity 1676K, committed 1792K, reserved 1048576K
}
Event: 2.891 GC heap before
{Heap before GC invocations=11 (full 0):
 garbage-first heap   total 237568K, used 157192K [0x00000000c0000000, 0x0000000100000000)
  region size 1024K, 84 young (86016K), 9 survivors (9216K)
 Metaspace       used 15083K, capacity 15394K, committed 15616K, reserved 1062912K
  class space    used 1537K, capacity 1676K, committed 1792K, reserved 1048576K
}
Event: 2.923 GC heap after
{Heap after GC invocations=12 (full 0):
 garbage-first heap   total 237568K, used 95192K [0x00000000c0000000, 0x0000000100000000)
  region size 1024K, 11 young (11264K), 11 survivors (11264K)
 Metaspace       used 15083K, capacity 15394K, committed 15616K, reserved 1062912K
  class space    used 1537K, capacity 1676K, committed 1792K, reserved 1048576K
}
Event: 3.197 GC heap before
{Heap before GC invocations=12 (full 0):
 garbage-first heap   total 237568K, used 163800K [0x00000000c0000000, 0x0000000100000000)
  region size 1024K, 78 young (79872K), 11 survivors (11264K)
 Metaspace       used 16836K, capacity 17224K, committed 17408K, reserved 1064960K
  class space    used 1745K, capacity 1926K, committed 2048K, reserved 1048576K
}

