# JRE version: OpenJDK Runtime Environment Microsoft-40648 (11.0.16.1+1) (build 11.0.16.1+1-LTS)
# Java VM: OpenJDK 64-Bit Server VM Microsoft-40648 (11.0.16.1+1-LTS, mixed mode, tiered, compressed oops, g1 gc, windows-amd64)
Heap:
 garbage-first heap   total 412672K, used 108544K [0x00000000c0000000, 0x0000000100000000)
  region size 1024K, 10 young (10240K), 10 survivors (10240K)
 Metaspace       used 16950K, capacity 17290K, committed 17664K, reserved 1064960K
  class space    used 1743K, capacity 1923K, committed 2048K, reserved 1048576K
GC Heap History (20 events):
Event: 1.218 GC heap after
{Heap after GC invocations=3 (full 0):
 garbage-first heap   total 98304K, used 17669K [0x00000000c0000000, 0x0000000100000000)
  region size 1024K, 3 young (3072K), 3 survivors (3072K)
 Metaspace       used 11666K, capacity 11803K, committed 11904K, reserved 1060864K
  class space    used 1104K, capacity 1146K, committed 1152K, reserved 1048576K
}
Event: 1.327 GC heap before
{Heap before GC invocations=3 (full 0):
 garbage-first heap   total 98304K, used 46341K [0x00000000c0000000, 0x0000000100000000)
  region size 1024K, 31 young (31744K), 3 survivors (3072K)
 Metaspace       used 11666K, capacity 11803K, committed 11904K, reserved 1060864K
  class space    used 1104K, capacity 1146K, committed 1152K, reserved 1048576K
}
Event: 1.338 GC heap after
{Heap after GC invocations=4 (full 0):
 garbage-first heap   total 98304K, used 23336K [0x00000000c0000000, 0x0000000100000000)
  region size 1024K, 4 young (4096K), 4 survivors (4096K)
 Metaspace       used 11666K, capacity 11803K, committed 11904K, reserved 1060864K
  class space    used 1104K, capacity 1146K, committed 1152K, reserved 1048576K
}
Event: 1.491 GC heap before
{Heap before GC invocations=4 (full 0):
 garbage-first heap   total 98304K, used 53032K [0x00000000c0000000, 0x0000000100000000)
  region size 1024K, 33 young (33792K), 4 survivors (4096K)
 Metaspace       used 11669K, capacity 11867K, committed 11904K, reserved 1060864K
  class space    used 1104K, capacity 1146K, committed 1152K, reserved 1048576K
}
Event: 1.499 GC heap after
{Heap after GC invocations=5 (full 0):
 garbage-first heap   total 124928K, used 30057K [0x00000000c0000000, 0x0000000100000000)
  region size 1024K, 5 young (5120K), 5 survivors (5120K)
 Metaspace       used 11669K, capacity 11867K, committed 11904K, reserved 1060864K
  class space    used 1104K, capacity 1146K, committed 1152K, reserved 1048576K
}
Event: 1.961 GC heap before
{Heap before GC invocations=5 (full 0):
 garbage-first heap   total 124928K, used 65897K [0x00000000c0000000, 0x0000000100000000)
  region size 1024K, 40 young (40960K), 5 survivors (5120K)
 Metaspace       used 13333K, capacity 13601K, committed 13824K, reserved 1060864K
  class space    used 1300K, capacity 1418K, committed 1536K, reserved 1048576K
}
Event: 1.996 GC heap after
{Heap after GC invocations=6 (full 0):
 garbage-first heap   total 124928K, used 39381K [0x00000000c0000000, 0x0000000100000000)
  region size 1024K, 5 young (5120K), 5 survivors (5120K)
 Metaspace       used 13333K, capacity 13601K, committed 13824K, reserved 1060864K
  class space    used 1300K, capacity 1418K, committed 1536K, reserved 1048576K
}
Event: 2.268 GC heap before
{Heap before GC invocations=6 (full 0):
 garbage-first heap   total 124928K, used 62933K [0x00000000c0000000, 0x0000000100000000)
  region size 1024K, 29 young (29696K), 5 survivors (5120K)
 Metaspace       used 13472K, capacity 13759K, committed 14080K, reserved 1062912K
  class space    used 1318K, capacity 1429K, committed 1536K, reserved 1048576K
}
Event: 2.323 GC heap after
{Heap after GC invocations=7 (full 0):
 garbage-first heap   total 124928K, used 46080K [0x00000000c0000000, 0x0000000100000000)
  region size 1024K, 4 young (4096K), 4 survivors (4096K)
 Metaspace       used 13472K, capacity 13759K, committed 14080K, reserved 1062912K
  class space    used 1318K, capacity 1429K, committed 1536K, reserved 1048576K
}
Event: 2.498 GC heap before
{Heap before GC invocations=7 (full 0):
 garbage-first heap   total 124928K, used 77824K [0x00000000c0000000, 0x0000000100000000)
  region size 1024K, 35 young (35840K), 4 survivors (4096K)
 Metaspace       used 13601K, capacity 13831K, committed 14080K, reserved 1062912K
  class space    used 1319K, capacity 1429K, committed 1536K, reserved 1048576K
}
Event: 2.553 GC heap after
{Heap after GC invocations=8 (full 0):
 garbage-first heap   total 124928K, used 54272K [0x00000000c0000000, 0x0000000100000000)
  region size 1024K, 5 young (5120K), 5 survivors (5120K)
 Metaspace       used 13601K, capacity 13831K, committed 14080K, reserved 1062912K
  class space    used 1319K, capacity 1429K, committed 1536K, reserved 1048576K
}
Event: 2.655 GC heap before
{Heap before GC invocations=8 (full 0):
 garbage-first heap   total 124928K, used 83968K [0x00000000c0000000, 0x0000000100000000)
  region size 1024K, 34 young (34816K), 5 survivors (5120K)
 Metaspace       used 13617K, capacity 13834K, committed 14080K, reserved 1062912K
  class space    used 1319K, capacity 1429K, committed 1536K, reserved 1048576K
}
Event: 2.718 GC heap after
{Heap after GC invocations=9 (full 0):
 garbage-first heap   total 251904K, used 61440K [0x00000000c0000000, 0x0000000100000000)
  region size 1024K, 5 young (5120K), 5 survivors (5120K)
 Metaspace       used 13617K, capacity 13834K, committed 14080K, reserved 1062912K
  class space    used 1319K, capacity 1429K, committed 1536K, reserved 1048576K
}
Event: 3.159 GC heap before
{Heap before GC invocations=9 (full 0):
 garbage-first heap   total 251904K, used 100352K [0x00000000c0000000, 0x0000000100000000)
  region size 1024K, 43 young (44032K), 5 survivors (5120K)
 Metaspace       used 15083K, capacity 15391K, committed 15616K, reserved 1062912K
  class space    used 1528K, capacity 1672K, committed 1792K, reserved 1048576K
}
Event: 3.191 GC heap after
{Heap after GC invocations=10 (full 0):
 garbage-first heap   total 251904K, used 69437K [0x00000000c0000000, 0x0000000100000000)
  region size 1024K, 6 young (6144K), 6 survivors (6144K)
 Metaspace       used 15083K, capacity 15391K, committed 15616K, reserved 1062912K
  class space    used 1528K, capacity 1672K, committed 1792K, reserved 1048576K
}
Event: 3.486 GC heap before
{Heap before GC invocations=10 (full 0):
 garbage-first heap   total 251904K, used 130877K [0x00000000c0000000, 0x0000000100000000)
  region size 1024K, 66 young (67584K), 6 survivors (6144K)
 Metaspace       used 15187K, capacity 15523K, committed 15872K, reserved 1062912K
  class space    used 1535K, capacity 1672K, committed 1792K, reserved 1048576K
}
Event: 3.522 GC heap after
{Heap after GC invocations=11 (full 0):
 garbage-first heap   total 251904K, used 81359K [0x00000000c0000000, 0x0000000100000000)
  region size 1024K, 9 young (9216K), 9 survivors (9216K)
 Metaspace       used 15187K, capacity 15523K, committed 15872K, reserved 1062912K
  class space    used 1535K, capacity 1672K, committed 1792K, reserved 1048576K
}
Event: 3.684 GC heap before
{Heap before GC invocations=11 (full 0):
 garbage-first heap   total 251904K, used 152015K [0x00000000c0000000, 0x0000000100000000)
  region size 1024K, 78 young (79872K), 9 survivors (9216K)
 Metaspace       used 15190K, capacity 15523K, committed 15872K, reserved 1062912K
  class space    used 1535K, capacity 1672K, committed 1792K, reserved 1048576K
}
Event: 3.722 GC heap after
{Heap after GC invocations=12 (full 0):
 garbage-first heap   total 251904K, used 95148K [0x00000000c0000000, 0x0000000100000000)
  region size 1024K, 10 young (10240K), 10 survivors (10240K)
 Metaspace       used 15190K, capacity 15523K, committed 15872K, reserved 1062912K
  class space    used 1535K, capacity 1672K, committed 1792K, reserved 1048576K
}
Event: 4.186 GC heap before
{Heap before GC invocations=12 (full 0):
 garbage-first heap   total 251904K, used 166828K [0x00000000c0000000, 0x0000000100000000)
  region size 1024K, 80 young (81920K), 10 survivors (10240K)
 Metaspace       used 16950K, capacity 17290K, committed 17664K, reserved 1064960K
  class space    used 1743K, capacity 1923K, committed 2048K, reserved 1048576K
}

