# JRE version: OpenJDK Runtime Environment Microsoft-40648 (11.0.16.1+1) (build 11.0.16.1+1-LTS)
# Java VM: OpenJDK 64-Bit Server VM Microsoft-40648 (11.0.16.1+1-LTS, mixed mode, tiered, compressed oops, g1 gc, windows-amd64)
Heap:
 garbage-first heap   total 562176K, used 184863K [0x00000000c0000000, 0x0000000100000000)
  region size 1024K, 45 young (46080K), 4 survivors (4096K)
 Metaspace       used 23930K, capacity 24492K, committed 25008K, reserved 1071104K
  class space    used 2556K, capacity 2807K, committed 3072K, reserved 1048576K
GC Heap History (20 events):
Event: 2.772 GC heap before
{Heap before GC invocations=8 (full 0):
 garbage-first heap   total 118784K, used 81920K [0x00000000c0000000, 0x0000000100000000)
  region size 1024K, 28 young (28672K), 3 survivors (3072K)
 Metaspace       used 13546K, capacity 13756K, committed 14080K, reserved 1062912K
  class space    used 1318K, capacity 1427K, committed 1536K, reserved 1048576K
}
Event: 2.830 GC heap after
{Heap after GC invocations=9 (full 0):
 garbage-first heap   total 253952K, used 61952K [0x00000000c0000000, 0x0000000100000000)
  region size 1024K, 4 young (4096K), 4 survivors (4096K)
 Metaspace       used 13546K, capacity 13756K, committed 14080K, reserved 1062912K
  class space    used 1318K, capacity 1427K, committed 1536K, reserved 1048576K
}
Event: 3.400 GC heap before
{Heap before GC invocations=9 (full 0):
 garbage-first heap   total 253952K, used 109056K [0x00000000c0000000, 0x0000000100000000)
  region size 1024K, 50 young (51200K), 4 survivors (4096K)
 Metaspace       used 15144K, capacity 15450K, committed 15616K, reserved 1062912K
  class space    used 1535K, capacity 1670K, committed 1792K, reserved 1048576K
}
Event: 3.441 GC heap after
{Heap after GC invocations=10 (full 0):
 garbage-first heap   total 253952K, used 70656K [0x00000000c0000000, 0x0000000100000000)
  region size 1024K, 7 young (7168K), 7 survivors (7168K)
 Metaspace       used 15144K, capacity 15450K, committed 15616K, reserved 1062912K
  class space    used 1535K, capacity 1670K, committed 1792K, reserved 1048576K
}
Event: 3.598 GC heap before
{Heap before GC invocations=10 (full 0):
 garbage-first heap   total 253952K, used 134144K [0x00000000c0000000, 0x0000000100000000)
  region size 1024K, 69 young (70656K), 7 survivors (7168K)
 Metaspace       used 15150K, capacity 15450K, committed 15616K, reserved 1062912K
  class space    used 1535K, capacity 1670K, committed 1792K, reserved 1048576K
}
Event: 3.630 GC heap after
{Heap after GC invocations=11 (full 0):
 garbage-first heap   total 253952K, used 82715K [0x00000000c0000000, 0x0000000100000000)
  region size 1024K, 9 young (9216K), 9 survivors (9216K)
 Metaspace       used 15150K, capacity 15450K, committed 15616K, reserved 1062912K
  class space    used 1535K, capacity 1670K, committed 1792K, reserved 1048576K
}
Event: 4.045 GC heap before
{Heap before GC invocations=11 (full 0):
 garbage-first heap   total 253952K, used 154395K [0x00000000c0000000, 0x0000000100000000)
  region size 1024K, 79 young (80896K), 9 survivors (9216K)
 Metaspace       used 16871K, capacity 17262K, committed 17280K, reserved 1064960K
  class space    used 1740K, capacity 1918K, committed 1920K, reserved 1048576K
}
Event: 4.081 GC heap after
{Heap after GC invocations=12 (full 0):
 garbage-first heap   total 253952K, used 96254K [0x00000000c0000000, 0x0000000100000000)
  region size 1024K, 10 young (10240K), 10 survivors (10240K)
 Metaspace       used 16871K, capacity 17262K, committed 17280K, reserved 1064960K
  class space    used 1740K, capacity 1918K, committed 1920K, reserved 1048576K
}
Event: 4.234 GC heap before
{Heap before GC invocations=12 (full 0):
 garbage-first heap   total 253952K, used 168958K [0x00000000c0000000, 0x0000000100000000)
  region size 1024K, 81 young (82944K), 10 survivors (10240K)
 Metaspace       used 16933K, capacity 17273K, committed 17280K, reserved 1064960K
  class space    used 1741K, capacity 1918K, committed 1920K, reserved 1048576K
}
Event: 4.343 GC heap after
{Heap after GC invocations=13 (full 0):
 garbage-first heap   total 413696K, used 109995K [0x00000000c0000000, 0x0000000100000000)
  region size 1024K, 11 young (11264K), 11 survivors (11264K)
 Metaspace       used 16933K, capacity 17273K, committed 17280K, reserved 1064960K
  class space    used 1741K, capacity 1918K, committed 1920K, reserved 1048576K
}
Event: 4.782 GC heap before
{Heap before GC invocations=13 (full 0):
 garbage-first heap   total 413696K, used 210347K [0x00000000c0000000, 0x0000000100000000)
  region size 1024K, 108 young (110592K), 11 survivors (11264K)
 Metaspace       used 16934K, capacity 17273K, committed 17280K, reserved 1064960K
  class space    used 1741K, capacity 1918K, committed 1920K, reserved 1048576K
}
Event: 4.872 GC heap after
{Heap after GC invocations=14 (full 0):
 garbage-first heap   total 413696K, used 129024K [0x00000000c0000000, 0x0000000100000000)
  region size 1024K, 14 young (14336K), 14 survivors (14336K)
 Metaspace       used 16934K, capacity 17273K, committed 17280K, reserved 1064960K
  class space    used 1741K, capacity 1918K, committed 1920K, reserved 1048576K
}
Event: 6.890 GC heap before
{Heap before GC invocations=14 (full 0):
 garbage-first heap   total 413696K, used 195584K [0x00000000c0000000, 0x0000000100000000)
  region size 1024K, 80 young (81920K), 14 survivors (14336K)
 Metaspace       used 20553K, capacity 21134K, committed 21296K, reserved 1069056K
  class space    used 2348K, capacity 2625K, committed 2688K, reserved 1048576K
}
Event: 6.941 GC heap after
{Heap after GC invocations=15 (full 0):
 garbage-first heap   total 413696K, used 141647K [0x00000000c0000000, 0x0000000100000000)
  region size 1024K, 12 young (12288K), 12 survivors (12288K)
 Metaspace       used 20553K, capacity 21134K, committed 21296K, reserved 1069056K
  class space    used 2348K, capacity 2625K, committed 2688K, reserved 1048576K
}
Event: 9.678 GC heap before
{Heap before GC invocations=16 (full 0):
 garbage-first heap   total 413696K, used 254287K [0x00000000c0000000, 0x0000000100000000)
  region size 1024K, 122 young (124928K), 12 survivors (12288K)
 Metaspace       used 23019K, capacity 23643K, committed 23856K, reserved 1071104K
  class space    used 2608K, capacity 2878K, committed 2944K, reserved 1048576K
}
Event: 9.730 GC heap after
{Heap after GC invocations=17 (full 0):
 garbage-first heap   total 413696K, used 145013K [0x00000000c0000000, 0x0000000100000000)
  region size 1024K, 4 young (4096K), 4 survivors (4096K)
 Metaspace       used 23019K, capacity 23643K, committed 23856K, reserved 1071104K
  class space    used 2608K, capacity 2878K, committed 2944K, reserved 1048576K
}
Event: 10.098 GC heap before
{Heap before GC invocations=17 (full 0):
 garbage-first heap   total 413696K, used 161397K [0x00000000c0000000, 0x0000000100000000)
  region size 1024K, 20 young (20480K), 4 survivors (4096K)
 Metaspace       used 23217K, capacity 23863K, committed 24112K, reserved 1071104K
  class space    used 2613K, capacity 2887K, committed 2944K, reserved 1048576K
}
Event: 10.129 GC heap after
{Heap after GC invocations=18 (full 0):
 garbage-first heap   total 562176K, used 140209K [0x00000000c0000000, 0x0000000100000000)
  region size 1024K, 1 young (1024K), 1 survivors (1024K)
 Metaspace       used 23217K, capacity 23863K, committed 24112K, reserved 1071104K
  class space    used 2613K, capacity 2887K, committed 2944K, reserved 1048576K
}
Event: 12.955 GC heap before
{Heap before GC invocations=18 (full 0):
 garbage-first heap   total 562176K, used 389041K [0x00000000c0000000, 0x0000000100000000)
  region size 1024K, 244 young (249856K), 1 survivors (1024K)
 Metaspace       used 24071K, capacity 24727K, committed 25008K, reserved 1071104K
  class space    used 2623K, capacity 2923K, committed 3072K, reserved 1048576K
}
Event: 12.969 GC heap after
{Heap after GC invocations=19 (full 0):
 garbage-first heap   total 562176K, used 143903K [0x00000000c0000000, 0x0000000100000000)
  region size 1024K, 4 young (4096K), 4 survivors (4096K)
 Metaspace       used 24071K, capacity 24727K, committed 25008K, reserved 1071104K
  class space    used 2623K, capacity 2923K, committed 3072K, reserved 1048576K
}

